0 info it worked if it ends with ok
1 verbose cli [ '/Users/seba/.nvm/versions/node/v6.11.4/bin/node',
1 verbose cli   '/Users/seba/.nvm/versions/node/v6.11.4/bin/npm',
1 verbose cli   'run',
1 verbose cli   'build' ]
2 info using npm@3.10.10
3 info using node@v6.11.4
4 verbose run-script [ 'prebuild', 'build', 'postbuild' ]
5 info lifecycle dentalsmile@1.0.0~prebuild: dentalsmile@1.0.0
6 silly lifecycle dentalsmile@1.0.0~prebuild: no script for prebuild, continuing
7 info lifecycle dentalsmile@1.0.0~build: dentalsmile@1.0.0
8 verbose lifecycle dentalsmile@1.0.0~build: unsafe-perm in lifecycle true
9 verbose lifecycle dentalsmile@1.0.0~build: PATH: /Users/seba/.nvm/versions/node/v6.11.4/lib/node_modules/npm/bin/node-gyp-bin:/Users/seba/git/somatic_balance/node_modules/.bin:/Users/seba/.pyenv/shims:/Users/seba/.rbenv/shims:/Users/seba/.nvm/versions/node/v6.11.4/bin:/usr/local/bin:/usr/bin:/bin:/usr/sbin:/sbin:/usr/local/go/bin:/Applications/Wireshark.app/Contents/MacOS:/Users/seba/git/somatic_balance/node_modules/.bin
10 verbose lifecycle dentalsmile@1.0.0~build: CWD: /Users/seba/git/somatic_balance
11 silly lifecycle dentalsmile@1.0.0~build: Args: [ '-c',
11 silly lifecycle   'grunt concat uglify sass autoprefixer generatePseudoPages' ]
12 info lifecycle dentalsmile@1.0.0~build: Failed to exec build script
13 verbose stack Error: dentalsmile@1.0.0 build: `grunt concat uglify sass autoprefixer generatePseudoPages`
13 verbose stack spawn ENOENT
13 verbose stack     at ChildProcess.<anonymous> (/Users/seba/.nvm/versions/node/v6.11.4/lib/node_modules/npm/lib/utils/spawn.js:33:16)
13 verbose stack     at emitTwo (events.js:106:13)
13 verbose stack     at ChildProcess.emit (events.js:191:7)
13 verbose stack     at maybeClose (internal/child_process.js:920:16)
13 verbose stack     at Process.ChildProcess._handle.onexit (internal/child_process.js:230:5)
14 verbose pkgid dentalsmile@1.0.0
15 verbose cwd /Users/seba/git/somatic_balance
16 error Darwin 18.6.0
17 error argv "/Users/seba/.nvm/versions/node/v6.11.4/bin/node" "/Users/seba/.nvm/versions/node/v6.11.4/bin/npm" "run" "build"
18 error node v6.11.4
19 error npm  v3.10.10
20 error file sh
21 error code ELIFECYCLE
22 error errno ENOENT
23 error syscall spawn
24 error dentalsmile@1.0.0 build: `grunt concat uglify sass autoprefixer generatePseudoPages`
24 error spawn ENOENT
25 error Failed at the dentalsmile@1.0.0 build script 'grunt concat uglify sass autoprefixer generatePseudoPages'.
25 error Make sure you have the latest version of node.js and npm installed.
25 error If you do, this is most likely a problem with the dentalsmile package,
25 error not with npm itself.
25 error Tell the author that this fails on your system:
25 error     grunt concat uglify sass autoprefixer generatePseudoPages
25 error You can get information on how to open an issue for this project with:
25 error     npm bugs dentalsmile
25 error Or if that isn't available, you can get their info via:
25 error     npm owner ls dentalsmile
25 error There is likely additional logging output above.
26 verbose exit [ 1, true ]
